<?xml version="1.0" encoding="UTF-8"?>
<testsuite name="TestCalculator" tests="1" skipped="0" failures="0" errors="0" timestamp="2019-05-16T05:33:05" hostname="lmxmn132-2.rcoffice.ringcentral.com" time="0.001">
  <properties/>
  <testcase name="addition" classname="TestCalculator" time="0.001"/>
  <system-out><![CDATA[]]></system-out>
  <system-err><![CDATA[]]></system-err>
</testsuite>
